[debug] [2021-11-11T23:23:32.399Z] ----------------------------------------------------------------------
[debug] [2021-11-11T23:23:32.401Z] Command:       C:\Program Files\nodejs\node.exe C:\Users\Daniel\AppData\Roaming\npm\node_modules\firebase-tools\lib\bin\firebase.js init
[debug] [2021-11-11T23:23:32.401Z] CLI Version:   9.22.0
[debug] [2021-11-11T23:23:32.401Z] Platform:      win32
[debug] [2021-11-11T23:23:32.401Z] Node Version:  v14.17.6
[debug] [2021-11-11T23:23:32.402Z] Time:          Thu Nov 11 2021 20:23:32 GMT-0300 (Brasilia Standard Time)
[debug] [2021-11-11T23:23:32.402Z] ----------------------------------------------------------------------
[debug] 
[debug] [2021-11-11T23:23:32.408Z] > command requires scopes: ["email","openid","https://www.googleapis.com/auth/cloudplatformprojects.readonly","https://www.googleapis.com/auth/firebase","https://www.googleapis.com/auth/cloud-platform"]
[debug] [2021-11-11T23:23:32.408Z] > authorizing via signed-in user (sharkdan@gmail.com)
[info] 
     ######## #### ########  ######## ########     ###     ######  ########
     ##        ##  ##     ## ##       ##     ##  ##   ##  ##       ##
     ######    ##  ########  ######   ########  #########  ######  ######
     ##        ##  ##    ##  ##       ##     ## ##     ##       ## ##
     ##       #### ##     ## ######## ########  ##     ##  ######  ########

You're about to initialize a Firebase project in this directory:

  E:\Develop\JavaScript\Angular\custody

[info] 
=== Project Setup
[info] 
[info] First, let's associate this project directory with a Firebase project.
[info] You can create multiple project aliases by running firebase use --add, 
[info] but for now we'll just set up a default project.
[info] 
[debug] [2021-11-11T23:25:24.449Z] >>> [apiv2][query] GET https://firebase.googleapis.com/v1beta1/projects pageSize=100
[debug] [2021-11-11T23:25:25.648Z] <<< [apiv2][status] GET https://firebase.googleapis.com/v1beta1/projects 200
[debug] [2021-11-11T23:25:25.648Z] <<< [apiv2][body] GET https://firebase.googleapis.com/v1beta1/projects [omitted]
[info] i  Using project scheduler-30 (scheduler-30) 
[info] 
=== Hosting Setup
[info] 
[info] Your public directory is the folder (relative to your project directory) that
[info] will contain Hosting assets to be uploaded with firebase deploy. If you
[info] have a build process for your assets, use your build's output directory.
[info] 
[info] +  Wrote (public)/404.html 
[debug] [2021-11-11T23:26:07.696Z] >>> [apiv2][query] GET https://www.gstatic.com/firebasejs/releases.json [none]
[debug] [2021-11-11T23:26:07.872Z] <<< [apiv2][status] GET https://www.gstatic.com/firebasejs/releases.json 200
[debug] [2021-11-11T23:26:07.872Z] <<< [apiv2][body] GET https://www.gstatic.com/firebasejs/releases.json {"current":{"version":"9.4.1","browserURL":"https://www.gstatic.com/firebasejs/9.4.1/firebase.js","packageURL":"https://www.gstatic.com/firebasejs/9.4.1/firebase.tgz"},"live":{"version":"9.4","browserURL":"https://www.gstatic.com/firebasejs/live/9.4/firebase.js","packageURL":"https://www.gstatic.com/firebasejs/live/9.4/firebase.tgz"},"components":{"analytics":"https://www.gstatic.com/firebasejs/9.4.1/firebase-analytics.js","app":"https://www.gstatic.com/firebasejs/9.4.1/firebase-app.js","app-check":"https://www.gstatic.com/firebasejs/9.4.1/firebase-app-check.js","auth":"https://www.gstatic.com/firebasejs/9.4.1/firebase-auth.js","auth/cordova":"https://www.gstatic.com/firebasejs/9.4.1/firebase-auth/cordova.js","auth/react-native":"https://www.gstatic.com/firebasejs/9.4.1/firebase-auth/react-native.js","functions":"https://www.gstatic.com/firebasejs/9.4.1/firebase-functions.js","firestore":"https://www.gstatic.com/firebasejs/9.4.1/firebase-firestore.js","firestore/lite":"https://www.gstatic.com/firebasejs/9.4.1/firebase-firestore/lite.js","storage":"https://www.gstatic.com/firebasejs/9.4.1/firebase-storage.js","performance":"https://www.gstatic.com/firebasejs/9.4.1/firebase-performance.js","remote-config":"https://www.gstatic.com/firebasejs/9.4.1/firebase-remote-config.js","messaging":"https://www.gstatic.com/firebasejs/9.4.1/firebase-messaging.js","messaging/sw":"https://www.gstatic.com/firebasejs/9.4.1/firebase-messaging/sw.js","database":"https://www.gstatic.com/firebasejs/9.4.1/firebase-database.js","firestore.memory":"https://www.gstatic.com/firebasejs/9.4.1/firebase-firestore.memory.js"}}
[info] +  Wrote (public)/index.html 
[info] 
[info] i  Detected a .git folder at E:\Develop\JavaScript\Angular\custody 
[info] i  Authorizing with GitHub to upload your service account to a GitHub repository's secrets store. 
[info] 
[info] Visit this URL on this device to log in:
[info] https://github.com/login/oauth/authorize?client_id=89cf50f02ac6aaed3484&state=348306397&redirect_uri=http%3A%2F%2Flocalhost%3A9005&scope=read%3Auser%20repo%20public_repo
[info] 
[info] Waiting for authentication...
[debug] [2021-11-11T23:26:09.155Z] >>> HTTP REQUEST POST https://github.com/login/oauth/access_token  
 {"client_id":"89cf50f02ac6aaed3484","client_secret":"3330d14abc895d9a74d5f17cd7a00711fa2c5bf0","code":"9b8b65a9f0a9cba43b40","redirect_uri":"http://localhost:9005","state":"348306397"}
[debug] [2021-11-11T23:26:10.486Z] <<< HTTP RESPONSE 200 {"server":"GitHub.com","date":"Thu, 11 Nov 2021 23:26:09 GMT","content-type":"application/json; charset=utf-8","transfer-encoding":"chunked","vary":"X-PJAX, X-PJAX-Container, Accept-Encoding, Accept, X-Requested-With","permissions-policy":"interest-cohort=()","etag":"W/\"8c2d1f643c13741d4e428056cbcd5fb0\"","cache-control":"max-age=0, private, must-revalidate","strict-transport-security":"max-age=31536000; includeSubdomains; preload","x-frame-options":"deny","x-content-type-options":"nosniff","x-xss-protection":"0","referrer-policy":"origin-when-cross-origin, strict-origin-when-cross-origin","expect-ct":"max-age=2592000, report-uri=\"https://api.github.com/_private/browser/errors\"","content-security-policy":"default-src 'none'; base-uri 'self'; block-all-mixed-content; child-src github.com/assets-cdn/worker/ gist.github.com/assets-cdn/worker/; connect-src 'self' uploads.github.com objects-origin.githubusercontent.com www.githubstatus.com collector.githubapp.com api.github.com github-cloud.s3.amazonaws.com github-production-repository-file-5c1aeb.s3.amazonaws.com github-production-upload-manifest-file-7fdce7.s3.amazonaws.com github-production-user-asset-6210df.s3.amazonaws.com cdn.optimizely.com logx.optimizely.com/v1/events translator.github.com wss://alive.github.com; font-src github.githubassets.com; form-action 'self' github.com gist.github.com objects-origin.githubusercontent.com; frame-ancestors 'none'; frame-src render.githubusercontent.com viewscreen.githubusercontent.com notebooks.githubusercontent.com; img-src 'self' data: github.githubassets.com identicons.github.com collector.githubapp.com github-cloud.s3.amazonaws.com secured-user-images.githubusercontent.com/ *.githubusercontent.com; manifest-src 'self'; media-src github.com user-images.githubusercontent.com/; script-src github.githubassets.com; style-src 'unsafe-inline' github.githubassets.com; worker-src github.com/assets-cdn/worker/ gist.github.com/assets-cdn/worker/","x-github-request-id":"3702:083C:AA84C0:CF63A4:618DA690"}
[debug] [2021-11-11T23:26:10.487Z] >>> [apiv2][query] GET https://api.github.com/user [none]
[debug] [2021-11-11T23:26:11.481Z] <<< [apiv2][status] GET https://api.github.com/user 200
[debug] [2021-11-11T23:26:11.482Z] <<< [apiv2][body] GET https://api.github.com/user {"login":"SharkdanDaniel","id":49072283,"node_id":"MDQ6VXNlcjQ5MDcyMjgz","avatar_url":"https://avatars.githubusercontent.com/u/49072283?v=4","gravatar_id":"","url":"https://api.github.com/users/SharkdanDaniel","html_url":"https://github.com/SharkdanDaniel","followers_url":"https://api.github.com/users/SharkdanDaniel/followers","following_url":"https://api.github.com/users/SharkdanDaniel/following{/other_user}","gists_url":"https://api.github.com/users/SharkdanDaniel/gists{/gist_id}","starred_url":"https://api.github.com/users/SharkdanDaniel/starred{/owner}{/repo}","subscriptions_url":"https://api.github.com/users/SharkdanDaniel/subscriptions","organizations_url":"https://api.github.com/users/SharkdanDaniel/orgs","repos_url":"https://api.github.com/users/SharkdanDaniel/repos","events_url":"https://api.github.com/users/SharkdanDaniel/events{/privacy}","received_events_url":"https://api.github.com/users/SharkdanDaniel/received_events","type":"User","site_admin":false,"name":null,"company":null,"blog":"","location":null,"email":null,"hireable":null,"bio":null,"twitter_username":null,"public_repos":24,"public_gists":0,"followers":3,"following":4,"created_at":"2019-03-29T15:36:15Z","updated_at":"2021-11-08T17:21:26Z","private_gists":0,"total_private_repos":1,"owned_private_repos":1,"disk_usage":44545,"collaborators":1,"two_factor_authentication":false,"plan":{"name":"free","space":976562499,"collaborators":0,"private_repos":10000}}
[info] 
[info] +  Success! Logged into GitHub as SharkdanDaniel 
[info] 
